<?xml version="1.0" encoding="UTF-8"?>
<!-- Generated by org.testng.reporters.JUnitXMLReporter -->
<testsuite hostname="BLRCND52002239" ignored="0" name="ChromeTest" tests="2" failures="0" timestamp="21 Mar 2021 12:36:16 GMT" time="40.788" errors="0">
  <testcase name="searchCustomerbyEmail" time="19.619" classname="com.nopCommerce.testCases.TC_SearchCustomerByEmail_004"/>
  <testcase name="searchCustomerbyName" time="14.767" classname="com.nopCommerce.testCases.TC_SearchCustomerByName_005"/>
</testsuite> <!-- ChromeTest -->
